[info] Log at : 2026/1/18|09:57:20|GMT+0800

[info] Log at : 2026/1/18|09:57:48|GMT+0800

[info] Log at : 2026/1/18|11:10:20|GMT+0800

[info] Log at : 2026/1/18|11:10:26|GMT+0800

[info] Log at : 2026/1/18|16:15:43|GMT+0800

[info] Log at : 2026/1/18|16:15:51|GMT+0800

[info] Log at : 2026/1/18|17:04:09|GMT+0800

[info] Log at : 2026/1/18|17:26:40|GMT+0800

[info] Log at : 2026/1/18|17:26:45|GMT+0800

[info] Log at : 2026/1/18|18:38:40|GMT+0800

[info] Log at : 2026/1/20|09:07:32|GMT+0800

[info] Log at : 2026/1/20|09:21:56|GMT+0800

[info] Log at : 2026/1/20|09:22:06|GMT+0800

[info] Log at : 2026/1/20|10:14:23|GMT+0800

[info] Log at : 2026/1/20|10:14:28|GMT+0800

[info] Log at : 2026/1/20|11:22:41|GMT+0800

[info] Log at : 2026/1/20|11:22:47|GMT+0800

[info] Log at : 2026/1/20|14:51:08|GMT+0800

[info] Log at : 2026/1/21|09:03:31|GMT+0800

[info] Log at : 2026/1/21|09:03:36|GMT+0800

[info] Log at : 2026/1/21|09:26:52|GMT+0800

[info] Log at : 2026/1/21|09:26:56|GMT+0800

[info] Log at : 2026/1/21|16:21:30|GMT+0800

[info] Log at : 2026/1/21|16:53:52|GMT+0800

[info] Log at : 2026/1/21|16:53:57|GMT+0800

[info] Log at : 2026/1/21|19:04:36|GMT+0800

[info] Log at : 2026/1/22|10:35:20|GMT+0800

[info] Log at : 2026/1/22|10:35:27|GMT+0800

[info] Log at : 2026/1/22|17:19:44|GMT+0800

[info] Log at : 2026/1/23|09:10:48|GMT+0800

[info] Log at : 2026/1/23|09:10:53|GMT+0800

[info] Log at : 2026/1/23|11:21:23|GMT+0800

[info] Log at : 2026/1/23|16:15:24|GMT+0800

[info] Log at : 2026/1/23|16:15:28|GMT+0800

[info] Log at : 2026/1/26|10:31:25|GMT+0800

[info] Log at : 2026/1/26|10:31:31|GMT+0800

[info] Log at : 2026/1/26|10:40:14|GMT+0800

[info] Log at : 2026/1/26|11:20:33|GMT+0800

[info] Log at : 2026/1/26|14:00:30|GMT+0800

[info] Log at : 2026/1/26|16:08:09|GMT+0800

[info] Log at : 2026/1/26|16:08:15|GMT+0800

[info] Log at : 2026/1/26|16:57:08|GMT+0800

[info] Log at : 2026/1/26|16:57:10|GMT+0800

[info] Log at : 2026/1/26|20:37:31|GMT+0800

[info] Log at : 2026/1/26|20:54:20|GMT+0800

[info] Log at : 2026/1/27|09:08:01|GMT+0800

[info] Log at : 2026/1/27|09:10:21|GMT+0800

[info] Log at : 2026/1/27|09:37:32|GMT+0800

[info] Log at : 2026/1/27|14:02:51|GMT+0800

[info] Log at : 2026/1/27|14:09:40|GMT+0800

[info] Log at : 2026/1/27|14:09:44|GMT+0800

[info] Log at : 2026/1/27|15:31:55|GMT+0800

[info] project closed: project
[info] Log at : 2026/1/27|16:44:11|GMT+0800

[info] Log at : 2026/1/27|16:44:13|GMT+0800

[info] Log at : 2026/1/28|09:10:29|GMT+0800

[info] Log at : 2026/1/28|15:58:48|GMT+0800

[info] Log at : 2026/1/28|15:58:50|GMT+0800

[info] Log at : 2026/1/28|17:08:08|GMT+0800

[info] Log at : 2026/2/1|14:55:00|GMT+0800

[info] Log at : 2026/2/1|14:55:03|GMT+0800

[info] project closed: project
[info] Log at : 2026/2/2|14:46:28|GMT+0800

[info] Log at : 2026/2/2|14:46:32|GMT+0800

[info] Log at : 2026/2/2|14:48:21|GMT+0800

[info] Log at : 2026/2/2|14:48:49|GMT+0800

[info] Log at : 2026/2/2|15:11:09|GMT+0800

[info] Log at : 2026/2/2|15:11:15|GMT+0800

[info] Log at : 2026/2/2|15:17:22|GMT+0800

[info] Log at : 2026/2/2|15:17:33|GMT+0800

[info] Log at : 2026/2/2|15:19:31|GMT+0800

[info] Log at : 2026/2/2|15:19:35|GMT+0800

[info] Log at : 2026/2/2|15:29:57|GMT+0800

[info] Log at : 2026/2/2|15:31:08|GMT+0800

[info] Log at : 2026/2/3|09:11:32|GMT+0800

[info] Log at : 2026/2/3|10:40:06|GMT+0800

[info] Log at : 2026/2/3|10:40:53|GMT+0800

[info] Log at : 2026/2/3|10:43:03|GMT+0800

[info] Log at : 2026/2/3|10:48:58|GMT+0800

[info] Log at : 2026/2/3|14:05:22|GMT+0800

[info] Log at : 2026/2/3|14:10:30|GMT+0800

[info] Log at : 2026/2/4|09:03:06|GMT+0800

[info] Log at : 2026/2/4|09:03:10|GMT+0800

[info] Log at : 2026/2/4|11:07:59|GMT+0800

[info] Log at : 2026/2/4|11:10:55|GMT+0800

[info] Log at : 2026/2/4|11:11:21|GMT+0800

[info] Log at : 2026/2/4|17:21:39|GMT+0800

[info] Log at : 2026/2/4|17:21:43|GMT+0800

[info] Log at : 2026/2/5|09:06:03|GMT+0800

[info] Log at : 2026/2/5|14:55:52|GMT+0800

[info] Log at : 2026/2/5|15:05:01|GMT+0800

[info] Log at : 2026/2/5|17:08:41|GMT+0800

[info] Log at : 2026/2/5|19:52:52|GMT+0800

[info] Log at : 2026/2/5|19:59:50|GMT+0800

[info] Log at : 2026/2/5|20:05:45|GMT+0800

[info] Log at : 2026/2/5|20:07:29|GMT+0800

[info] Log at : 2026/2/5|20:08:07|GMT+0800

[info] Log at : 2026/2/6|09:07:42|GMT+0800

[info] Log at : 2026/2/24|09:00:15|GMT+0800

[info] Log at : 2026/2/24|09:23:38|GMT+0800

[info] Log at : 2026/2/24|11:20:33|GMT+0800

[info] Log at : 2026/2/24|11:35:37|GMT+0800

[info] Log at : 2026/2/24|14:01:53|GMT+0800

[info] Log at : 2026/2/25|08:58:18|GMT+0800

[info] Log at : 2026/2/25|15:53:02|GMT+0800

[info] Log at : 2026/2/25|17:35:10|GMT+0800

[info] Log at : 2026/2/26|09:04:18|GMT+0800

[info] Log at : 2026/2/26|11:46:29|GMT+0800

[info] Log at : 2026/2/26|13:59:50|GMT+0800

[info] Log at : 2026/2/26|14:06:00|GMT+0800

[info] Log at : 2026/2/26|19:49:40|GMT+0800

[info] Log at : 2026/2/26|19:50:39|GMT+0800

[info] Log at : 2026/2/26|19:51:02|GMT+0800

[info] Log at : 2026/2/26|19:52:05|GMT+0800

[info] Log at : 2026/2/26|19:59:09|GMT+0800

[info] Log at : 2026/2/27|10:58:23|GMT+0800

[info] Log at : 2026/2/27|11:08:02|GMT+0800

[info] Log at : 2026/2/27|11:34:21|GMT+0800

[info] Log at : 2026/2/27|14:39:17|GMT+0800

[info] Log at : 2026/2/27|16:18:08|GMT+0800

[info] Log at : 2026/2/27|16:20:40|GMT+0800

[info] Log at : 2026/2/27|17:39:27|GMT+0800

[info] Log at : 2026/3/1|09:15:04|GMT+0800

[info] Log at : 2026/3/1|09:19:04|GMT+0800

[info] Log at : 2026/3/1|14:12:37|GMT+0800

[info] Log at : 2026/3/1|15:29:36|GMT+0800

[info] Log at : 2026/3/1|15:37:26|GMT+0800

[info] Log at : 2026/3/2|09:01:26|GMT+0800

[info] Log at : 2026/3/2|10:20:46|GMT+0800

[info] Log at : 2026/3/2|10:46:35|GMT+0800

[info] Log at : 2026/3/2|14:15:53|GMT+0800

[info] Log at : 2026/3/2|15:16:33|GMT+0800

[info] Log at : 2026/3/2|16:09:04|GMT+0800

[info] Log at : 2026/3/2|16:10:33|GMT+0800

[info] Log at : 2026/3/2|16:11:12|GMT+0800

[info] Log at : 2026/3/2|19:49:37|GMT+0800

[info] Log at : 2026/3/2|19:50:57|GMT+0800

[info] Log at : 2026/3/2|20:12:31|GMT+0800

[info] Log at : 2026/3/2|20:23:18|GMT+0800

[info] Log at : 2026/3/3|08:59:49|GMT+0800

[info] Log at : 2026/3/3|11:02:38|GMT+0800

[info] Log at : 2026/3/3|11:51:13|GMT+0800

[info] Log at : 2026/3/3|11:51:56|GMT+0800

[info] Log at : 2026/3/3|14:01:26|GMT+0800

[info] Log at : 2026/3/3|14:02:10|GMT+0800

[info] Log at : 2026/3/3|14:03:43|GMT+0800

[info] Log at : 2026/3/3|15:00:38|GMT+0800

[info] Log at : 2026/3/3|15:01:53|GMT+0800

[info] Log at : 2026/3/3|15:04:58|GMT+0800

[info] Log at : 2026/3/3|15:14:45|GMT+0800

[info] Log at : 2026/3/3|15:55:23|GMT+0800

[info] Log at : 2026/3/3|17:15:11|GMT+0800

[info] Log at : 2026/3/3|17:19:05|GMT+0800

[info] Log at : 2026/3/3|21:15:03|GMT+0800

[info] Log at : 2026/3/3|21:42:28|GMT+0800

[info] Log at : 2026/3/3|21:55:34|GMT+0800

[info] Log at : 2026/3/3|22:14:53|GMT+0800

[info] Log at : 2026/3/3|22:30:44|GMT+0800

[info] Log at : 2026/3/3|22:31:05|GMT+0800

[info] Log at : 2026/3/3|22:34:46|GMT+0800

[info] Log at : 2026/3/4|09:01:36|GMT+0800

[info] Log at : 2026/3/4|11:37:58|GMT+0800

[info] Log at : 2026/3/4|13:59:21|GMT+0800

[info] Log at : 2026/3/4|14:26:39|GMT+0800

[info] Log at : 2026/3/4|15:46:42|GMT+0800

[info] Log at : 2026/3/4|15:46:54|GMT+0800

[info] Log at : 2026/3/4|18:58:51|GMT+0800

[info] Log at : 2026/3/4|19:58:04|GMT+0800

[info] Log at : 2026/3/4|20:18:17|GMT+0800

[info] Log at : 2026/3/5|10:01:14|GMT+0800

[info] Log at : 2026/3/5|10:21:02|GMT+0800

[info] Log at : 2026/3/5|17:40:41|GMT+0800

[info] Log at : 2026/3/6|09:31:00|GMT+0800

[info] Log at : 2026/3/6|09:40:42|GMT+0800

[info] Log at : 2026/3/6|16:13:26|GMT+0800

[info] Log at : 2026/3/6|17:19:25|GMT+0800

[info] Log at : 2026/3/6|17:19:51|GMT+0800

[info] Log at : 2026/3/6|17:20:27|GMT+0800

[info] Log at : 2026/3/6|17:20:39|GMT+0800

[info] Log at : 2026/3/6|17:21:07|GMT+0800

[info] Log at : 2026/3/9|09:04:03|GMT+0800

[info] Log at : 2026/3/9|14:19:55|GMT+0800

[info] Log at : 2026/3/9|15:33:07|GMT+0800

[info] Log at : 2026/3/9|16:36:38|GMT+0800

[info] Log at : 2026/3/9|22:55:41|GMT+0800

[info] Log at : 2026/3/9|23:48:08|GMT+0800

[info] Log at : 2026/3/9|23:48:13|GMT+0800

[info] Log at : 2026/3/10|09:03:31|GMT+0800

[info] Log at : 2026/3/10|19:30:14|GMT+0800

[info] Log at : 2026/3/10|20:07:11|GMT+0800

[info] Log at : 2026/3/11|09:02:11|GMT+0800

[info] Log at : 2026/3/11|14:18:17|GMT+0800

[info] Log at : 2026/3/11|14:33:34|GMT+0800

[info] Log at : 2026/3/12|09:00:30|GMT+0800

[info] Log at : 2026/3/12|14:49:19|GMT+0800

[info] Log at : 2026/3/12|14:50:23|GMT+0800

[info] Log at : 2026/3/12|14:50:53|GMT+0800

[SyntaxError: Unexpected end of JSON input
	at JSON.parse (<anonymous>)
	at F.updateCppProperties (c:\Users\X\.trae\extensions\cl.keil-assistant-1.7.0\dist\extension.js:1:10849)
	at F.<anonymous> (c:\Users\X\.trae\extensions\cl.keil-assistant-1.7.0\dist\extension.js:1:12579)
	at Generator.next (<anonymous>)
	at c:\Users\X\.trae\extensions\cl.keil-assistant-1.7.0\dist\extension.js:1:4480
	at new Promise (<anonymous>)
	at r (c:\Users\X\.trae\extensions\cl.keil-assistant-1.7.0\dist\extension.js:1:4225)
	at F.load (c:\Users\X\.trae\extensions\cl.keil-assistant-1.7.0\dist\extension.js:1:11310)
	at w.<anonymous> (c:\Users\X\.trae\extensions\cl.keil-assistant-1.7.0\dist\extension.js:1:8737)
	at Generator.next (<anonymous>)
	at a (c:\Users\X\.trae\extensions\cl.keil-assistant-1.7.0\dist\extension.js:1:4282)
	at process.processTicksAndRejections (node:internal/process/task_queues:105:5)]
[info] Log at : 2026/3/12|16:08:12|GMT+0800

[info] Log at : 2026/3/12|16:31:06|GMT+0800

[info] Log at : 2026/3/12|19:13:06|GMT+0800

[info] Log at : 2026/3/12|19:33:19|GMT+0800

[info] Log at : 2026/3/13|09:04:52|GMT+0800

